0 info it worked if it ends with ok
1 verbose cli [ 'C:\\Program Files\\nodejs\\\\node.exe',
1 verbose cli   'C:\\Program Files\\nodejs\\node_modules\\npm\\bin\\npm-cli.js',
1 verbose cli   'install',
1 verbose cli   '-g',
1 verbose cli   'bower' ]
2 info using npm@2.11.3
3 info using node@v0.12.7
4 verbose install initial load of C:\Users\Picasso\AppData\Roaming\npm\package.json
5 verbose readDependencies loading dependencies from C:\Users\Picasso\AppData\Roaming\npm\package.json
6 silly cache add args [ 'bower', null ]
7 verbose cache add spec bower
8 silly cache add parsed spec { raw: 'bower',
8 silly cache add   scope: null,
8 silly cache add   name: 'bower',
8 silly cache add   rawSpec: '',
8 silly cache add   spec: '*',
8 silly cache add   type: 'range' }
9 silly addNamed bower@*
10 verbose addNamed "*" is a valid semver range for bower
11 silly addNameRange { name: 'bower', range: '*', hasData: false }
12 silly mapToRegistry name bower
13 silly mapToRegistry using default registry
14 silly mapToRegistry registry https://registry.npmjs.org/
15 silly mapToRegistry uri https://registry.npmjs.org/bower
16 verbose addNameRange registry:https://registry.npmjs.org/bower not in flight; fetching
17 verbose request uri https://registry.npmjs.org/bower
18 verbose request no auth needed
19 info attempt registry request try #1 at 6:24:30 PM
20 verbose request id a0e4fcce2ebfc5c5
21 verbose etag "8SA6VQ2Q3WTT7GNC7RH4VDDCG"
22 http request GET https://registry.npmjs.org/bower
23 http 200 https://registry.npmjs.org/bower
24 silly get cb [ 200,
24 silly get   { server: 'CouchDB/1.5.0 (Erlang OTP/R16B03)',
24 silly get     etag: '"AQMHMVUK4I7ISDDGZD50UEIJS"',
24 silly get     'content-type': 'application/json',
24 silly get     'cache-control': 'max-age=60',
24 silly get     'content-length': '154985',
24 silly get     'accept-ranges': 'bytes',
24 silly get     date: 'Fri, 04 Dec 2015 22:25:29 GMT',
24 silly get     via: '1.1 varnish',
24 silly get     age: '26',
24 silly get     connection: 'keep-alive',
24 silly get     'x-served-by': 'cache-iad2124-IAD',
24 silly get     'x-cache': 'HIT',
24 silly get     'x-cache-hits': '1',
24 silly get     'x-timer': 'S1449267929.985707,VS0,VE0',
24 silly get     vary: 'Accept' } ]
25 verbose get saving bower to C:\Users\Picasso\AppData\Roaming\npm-cache\registry.npmjs.org\bower\.cache.json
26 silly addNameRange number 2 { name: 'bower', range: '*', hasData: true }
27 silly addNameRange versions [ 'bower',
27 silly addNameRange   [ '0.1.0',
27 silly addNameRange     '0.1.2',
27 silly addNameRange     '0.1.3',
27 silly addNameRange     '0.2.0',
27 silly addNameRange     '0.3.0',
27 silly addNameRange     '0.3.1',
27 silly addNameRange     '0.3.2',
27 silly addNameRange     '0.4.0',
27 silly addNameRange     '0.5.0',
27 silly addNameRange     '0.5.1',
27 silly addNameRange     '0.6.0',
27 silly addNameRange     '0.6.1',
27 silly addNameRange     '0.6.2',
27 silly addNameRange     '0.6.3',
27 silly addNameRange     '0.6.4',
27 silly addNameRange     '0.6.5',
27 silly addNameRange     '0.6.6',
27 silly addNameRange     '0.6.7',
27 silly addNameRange     '0.6.8',
27 silly addNameRange     '0.7.0',
27 silly addNameRange     '0.7.1',
27 silly addNameRange     '0.8.0',
27 silly addNameRange     '0.8.1',
27 silly addNameRange     '0.8.2',
27 silly addNameRange     '0.8.3',
27 silly addNameRange     '0.8.4',
27 silly addNameRange     '0.8.5',
27 silly addNameRange     '0.8.6',
27 silly addNameRange     '0.9.0',
27 silly addNameRange     '0.9.1',
27 silly addNameRange     '0.9.2',
27 silly addNameRange     '0.10.0',
27 silly addNameRange     '1.0.0',
27 silly addNameRange     '1.0.1',
27 silly addNameRange     '1.0.2',
27 silly addNameRange     '1.0.3',
27 silly addNameRange     '1.1.0',
27 silly addNameRange     '1.1.1',
27 silly addNameRange     '1.1.2',
27 silly addNameRange     '1.2.0',
27 silly addNameRange     '1.2.1',
27 silly addNameRange     '1.2.2',
27 silly addNameRange     '1.2.3',
27 silly addNameRange     '1.2.4',
27 silly addNameRange     '1.2.5',
27 silly addNameRange     '1.2.6',
27 silly addNameRange     '1.2.7',
27 silly addNameRange     '1.2.8',
27 silly addNameRange     '1.3.0',
27 silly addNameRange     '1.3.1',
27 silly addNameRange     '1.3.2',
27 silly addNameRange     '1.3.3',
27 silly addNameRange     '1.3.4',
27 silly addNameRange     '1.3.5',
27 silly addNameRange     '1.3.6',
27 silly addNameRange     '1.3.7',
27 silly addNameRange     '1.3.8',
27 silly addNameRange     '1.3.9',
27 silly addNameRange     '1.3.10',
27 silly addNameRange     '1.3.11',
27 silly addNameRange     '1.3.12',
27 silly addNameRange     '1.4.0',
27 silly addNameRange     '1.4.1',
27 silly addNameRange     '1.5.0',
27 silly addNameRange     '1.5.1',
27 silly addNameRange     '1.5.2',
27 silly addNameRange     '1.5.3',
27 silly addNameRange     '1.6.2',
27 silly addNameRange     '1.6.3',
27 silly addNameRange     '1.6.4',
27 silly addNameRange     '1.6.5',
27 silly addNameRange     '1.5.4',
27 silly addNameRange     '1.4.2',
27 silly addNameRange     '1.6.6',
27 silly addNameRange     '1.6.7',
27 silly addNameRange     '1.6.8',
27 silly addNameRange     '1.6.9' ] ]
28 silly addNamed bower@1.6.9
29 verbose addNamed "1.6.9" is a plain semver version for bower
30 silly mapToRegistry name bower
31 silly mapToRegistry using default registry
32 silly mapToRegistry registry https://registry.npmjs.org/
33 silly mapToRegistry uri https://registry.npmjs.org/bower
34 verbose addRemoteTarball https://registry.npmjs.org/bower/-/bower-1.6.9.tgz not in flight; adding
35 verbose addRemoteTarball [ 'https://registry.npmjs.org/bower/-/bower-1.6.9.tgz',
35 verbose addRemoteTarball   'cdd7c908f88f8e8908a9ac237e34f591d7058b99' ]
36 info retry fetch attempt 1 at 6:24:31 PM
37 info attempt registry request try #1 at 6:24:31 PM
38 http fetch GET https://registry.npmjs.org/bower/-/bower-1.6.9.tgz
39 http fetch 200 https://registry.npmjs.org/bower/-/bower-1.6.9.tgz
40 silly fetchAndShaCheck shasum cdd7c908f88f8e8908a9ac237e34f591d7058b99
41 verbose stack Error: shasum check failed for C:\Users\Picasso\AppData\Local\Temp\npm-11796-6bdb3b8d\registry.npmjs.org\bower\-\bower-1.6.9.tgz
41 verbose stack Expected: cdd7c908f88f8e8908a9ac237e34f591d7058b99
41 verbose stack Actual:   9ec50a2d11821deefa7fc0836c5de3adf196e41d
41 verbose stack From:     https://registry.npmjs.org/bower/-/bower-1.6.9.tgz
41 verbose stack     at C:\Program Files\nodejs\node_modules\npm\node_modules\sha\index.js:38:8
41 verbose stack     at ReadStream.<anonymous> (C:\Program Files\nodejs\node_modules\npm\node_modules\sha\index.js:85:7)
41 verbose stack     at ReadStream.emit (events.js:129:20)
41 verbose stack     at _stream_readable.js:908:16
41 verbose stack     at process._tickCallback (node.js:355:11)
42 verbose cwd C:\Users\Picasso\WebstormProjects\orgajs
43 error Windows_NT 6.3.9600
44 error argv "C:\\Program Files\\nodejs\\\\node.exe" "C:\\Program Files\\nodejs\\node_modules\\npm\\bin\\npm-cli.js" "install" "-g" "bower"
45 error node v0.12.7
46 error npm  v2.11.3
47 error shasum check failed for C:\Users\Picasso\AppData\Local\Temp\npm-11796-6bdb3b8d\registry.npmjs.org\bower\-\bower-1.6.9.tgz
47 error Expected: cdd7c908f88f8e8908a9ac237e34f591d7058b99
47 error Actual:   9ec50a2d11821deefa7fc0836c5de3adf196e41d
47 error From:     https://registry.npmjs.org/bower/-/bower-1.6.9.tgz
48 error If you need help, you may report this error at:
48 error     <https://github.com/npm/npm/issues>
49 verbose exit [ 1, true ]
